Traceback (most recent call last):
  File "C:\Users\herbst\Anaconda3\envs\mypython37\lib\site-packages\jupyter_cache\executors\utils.py", line 56, in single_nb_execution
    record_timing=False,
  File "C:\Users\herbst\Anaconda3\envs\mypython37\lib\site-packages\nbclient\client.py", line 1204, in execute
    return NotebookClient(nb=nb, resources=resources, km=km, **kwargs).execute()
  File "C:\Users\herbst\Anaconda3\envs\mypython37\lib\site-packages\nbclient\util.py", line 84, in wrapped
    return just_run(coro(*args, **kwargs))
  File "C:\Users\herbst\Anaconda3\envs\mypython37\lib\site-packages\nbclient\util.py", line 62, in just_run
    return loop.run_until_complete(coro)
  File "C:\Users\herbst\Anaconda3\envs\mypython37\lib\asyncio\base_events.py", line 587, in run_until_complete
    return future.result()
  File "C:\Users\herbst\Anaconda3\envs\mypython37\lib\site-packages\nbclient\client.py", line 664, in async_execute
    cell, index, execution_count=self.code_cells_executed + 1
  File "C:\Users\herbst\Anaconda3\envs\mypython37\lib\site-packages\nbclient\client.py", line 965, in async_execute_cell
    await self._check_raise_for_error(cell, cell_index, exec_reply)
  File "C:\Users\herbst\Anaconda3\envs\mypython37\lib\site-packages\nbclient\client.py", line 862, in _check_raise_for_error
    raise CellExecutionError.from_cell_and_msg(cell, exec_reply_content)
nbclient.exceptions.CellExecutionError: An error occurred while executing the following cell:
------------------
import os
cwd = os.getcwd()
filename = os.path.join(cwd, os.path.join('Excel', 'CodeV_optimization_operands.xlsx'))
df_var = pd.read_excel(filename, sheet_name = "Diffraction Analysis", header = 0, index_col = 0)
df_var = df_var.dropna()   # drop nan values
------------------

[1;31m---------------------------------------------------------------------------[0m
[1;31mValueError[0m                                Traceback (most recent call last)
[1;32m~\Anaconda3\envs\mypython37\lib\site-packages\xlrd\book.py[0m in [0;36msheet_by_name[1;34m(self, sheet_name)[0m
[0;32m    473[0m         [1;32mtry[0m[1;33m:[0m[1;33m[0m[1;33m[0m[0m
[1;32m--> 474[1;33m             [0msheetx[0m [1;33m=[0m [0mself[0m[1;33m.[0m[0m_sheet_names[0m[1;33m.[0m[0mindex[0m[1;33m([0m[0msheet_name[0m[1;33m)[0m[1;33m[0m[1;33m[0m[0m
[0m[0;32m    475[0m         [1;32mexcept[0m [0mValueError[0m[1;33m:[0m[1;33m[0m[1;33m[0m[0m

[1;31mValueError[0m: 'Diffraction Analysis' is not in list

During handling of the above exception, another exception occurred:

[1;31mXLRDError[0m                                 Traceback (most recent call last)
[1;32m~\AppData\Local\Temp\ipykernel_24964\3991176504.py[0m in [0;36m<module>[1;34m[0m
[0;32m      2[0m [0mcwd[0m [1;33m=[0m [0mos[0m[1;33m.[0m[0mgetcwd[0m[1;33m([0m[1;33m)[0m[1;33m[0m[1;33m[0m[0m
[0;32m      3[0m [0mfilename[0m [1;33m=[0m [0mos[0m[1;33m.[0m[0mpath[0m[1;33m.[0m[0mjoin[0m[1;33m([0m[0mcwd[0m[1;33m,[0m [0mos[0m[1;33m.[0m[0mpath[0m[1;33m.[0m[0mjoin[0m[1;33m([0m[1;34m'Excel'[0m[1;33m,[0m [1;34m'CodeV_optimization_operands.xlsx'[0m[1;33m)[0m[1;33m)[0m[1;33m[0m[1;33m[0m[0m
[1;32m----> 4[1;33m [0mdf_var[0m [1;33m=[0m [0mpd[0m[1;33m.[0m[0mread_excel[0m[1;33m([0m[0mfilename[0m[1;33m,[0m [0msheet_name[0m [1;33m=[0m [1;34m"Diffraction Analysis"[0m[1;33m,[0m [0mheader[0m [1;33m=[0m [1;36m0[0m[1;33m,[0m [0mindex_col[0m [1;33m=[0m [1;36m0[0m[1;33m)[0m[1;33m[0m[1;33m[0m[0m
[0m[0;32m      5[0m [0mdf_var[0m [1;33m=[0m [0mdf_var[0m[1;33m.[0m[0mdropna[0m[1;33m([0m[1;33m)[0m   [1;31m# drop nan values[0m[1;33m[0m[1;33m[0m[0m

[1;32m~\Anaconda3\envs\mypython37\lib\site-packages\pandas\util\_decorators.py[0m in [0;36mwrapper[1;34m(*args, **kwargs)[0m
[0;32m    294[0m                 )
[0;32m    295[0m                 [0mwarnings[0m[1;33m.[0m[0mwarn[0m[1;33m([0m[0mmsg[0m[1;33m,[0m [0mFutureWarning[0m[1;33m,[0m [0mstacklevel[0m[1;33m=[0m[0mstacklevel[0m[1;33m)[0m[1;33m[0m[1;33m[0m[0m
[1;32m--> 296[1;33m             [1;32mreturn[0m [0mfunc[0m[1;33m([0m[1;33m*[0m[0margs[0m[1;33m,[0m [1;33m**[0m[0mkwargs[0m[1;33m)[0m[1;33m[0m[1;33m[0m[0m
[0m[0;32m    297[0m [1;33m[0m[0m
[0;32m    298[0m         [1;32mreturn[0m [0mwrapper[0m[1;33m[0m[1;33m[0m[0m

[1;32m~\Anaconda3\envs\mypython37\lib\site-packages\pandas\io\excel\_base.py[0m in [0;36mread_excel[1;34m(io, sheet_name, header, names, index_col, usecols, squeeze, dtype, engine, converters, true_values, false_values, skiprows, nrows, na_values, keep_default_na, na_filter, verbose, parse_dates, date_parser, thousands, comment, skipfooter, convert_float, mangle_dupe_cols)[0m
[0;32m    332[0m         [0mskipfooter[0m[1;33m=[0m[0mskipfooter[0m[1;33m,[0m[1;33m[0m[1;33m[0m[0m
[0;32m    333[0m         [0mconvert_float[0m[1;33m=[0m[0mconvert_float[0m[1;33m,[0m[1;33m[0m[1;33m[0m[0m
[1;32m--> 334[1;33m         [0mmangle_dupe_cols[0m[1;33m=[0m[0mmangle_dupe_cols[0m[1;33m,[0m[1;33m[0m[1;33m[0m[0m
[0m[0;32m    335[0m     )
[0;32m    336[0m [1;33m[0m[0m

[1;32m~\Anaconda3\envs\mypython37\lib\site-packages\pandas\io\excel\_base.py[0m in [0;36mparse[1;34m(self, sheet_name, header, names, index_col, usecols, squeeze, converters, true_values, false_values, skiprows, nrows, na_values, parse_dates, date_parser, thousands, comment, skipfooter, convert_float, mangle_dupe_cols, **kwds)[0m
[0;32m    924[0m             [0mconvert_float[0m[1;33m=[0m[0mconvert_float[0m[1;33m,[0m[1;33m[0m[1;33m[0m[0m
[0;32m    925[0m             [0mmangle_dupe_cols[0m[1;33m=[0m[0mmangle_dupe_cols[0m[1;33m,[0m[1;33m[0m[1;33m[0m[0m
[1;32m--> 926[1;33m             [1;33m**[0m[0mkwds[0m[1;33m,[0m[1;33m[0m[1;33m[0m[0m
[0m[0;32m    927[0m         )
[0;32m    928[0m [1;33m[0m[0m

[1;32m~\Anaconda3\envs\mypython37\lib\site-packages\pandas\io\excel\_base.py[0m in [0;36mparse[1;34m(self, sheet_name, header, names, index_col, usecols, squeeze, dtype, true_values, false_values, skiprows, nrows, na_values, verbose, parse_dates, date_parser, thousands, comment, skipfooter, convert_float, mangle_dupe_cols, **kwds)[0m
[0;32m    437[0m [1;33m[0m[0m
[0;32m    438[0m             [1;32mif[0m [0misinstance[0m[1;33m([0m[0masheetname[0m[1;33m,[0m [0mstr[0m[1;33m)[0m[1;33m:[0m[1;33m[0m[1;33m[0m[0m
[1;32m--> 439[1;33m                 [0msheet[0m [1;33m=[0m [0mself[0m[1;33m.[0m[0mget_sheet_by_name[0m[1;33m([0m[0masheetname[0m[1;33m)[0m[1;33m[0m[1;33m[0m[0m
[0m[0;32m    440[0m             [1;32melse[0m[1;33m:[0m  [1;31m# assume an integer if not a string[0m[1;33m[0m[1;33m[0m[0m
[0;32m    441[0m                 [0msheet[0m [1;33m=[0m [0mself[0m[1;33m.[0m[0mget_sheet_by_index[0m[1;33m([0m[0masheetname[0m[1;33m)[0m[1;33m[0m[1;33m[0m[0m

[1;32m~\Anaconda3\envs\mypython37\lib\site-packages\pandas\io\excel\_xlrd.py[0m in [0;36mget_sheet_by_name[1;34m(self, name)[0m
[0;32m     42[0m [1;33m[0m[0m
[0;32m     43[0m     [1;32mdef[0m [0mget_sheet_by_name[0m[1;33m([0m[0mself[0m[1;33m,[0m [0mname[0m[1;33m)[0m[1;33m:[0m[1;33m[0m[1;33m[0m[0m
[1;32m---> 44[1;33m         [1;32mreturn[0m [0mself[0m[1;33m.[0m[0mbook[0m[1;33m.[0m[0msheet_by_name[0m[1;33m([0m[0mname[0m[1;33m)[0m[1;33m[0m[1;33m[0m[0m
[0m[0;32m     45[0m [1;33m[0m[0m
[0;32m     46[0m     [1;32mdef[0m [0mget_sheet_by_index[0m[1;33m([0m[0mself[0m[1;33m,[0m [0mindex[0m[1;33m)[0m[1;33m:[0m[1;33m[0m[1;33m[0m[0m

[1;32m~\Anaconda3\envs\mypython37\lib\site-packages\xlrd\book.py[0m in [0;36msheet_by_name[1;34m(self, sheet_name)[0m
[0;32m    474[0m             [0msheetx[0m [1;33m=[0m [0mself[0m[1;33m.[0m[0m_sheet_names[0m[1;33m.[0m[0mindex[0m[1;33m([0m[0msheet_name[0m[1;33m)[0m[1;33m[0m[1;33m[0m[0m
[0;32m    475[0m         [1;32mexcept[0m [0mValueError[0m[1;33m:[0m[1;33m[0m[1;33m[0m[0m
[1;32m--> 476[1;33m             [1;32mraise[0m [0mXLRDError[0m[1;33m([0m[1;34m'No sheet named <%r>'[0m [1;33m%[0m [0msheet_name[0m[1;33m)[0m[1;33m[0m[1;33m[0m[0m
[0m[0;32m    477[0m         [1;32mreturn[0m [0mself[0m[1;33m.[0m[0msheet_by_index[0m[1;33m([0m[0msheetx[0m[1;33m)[0m[1;33m[0m[1;33m[0m[0m
[0;32m    478[0m [1;33m[0m[0m

[1;31mXLRDError[0m: No sheet named <'Diffraction Analysis'>
XLRDError: No sheet named <'Diffraction Analysis'>

